<?xml version="1.0" encoding="UTF-8"?>
<testsuite name="BinanceTest" tests="1" skipped="0" failures="0" errors="0" timestamp="2022-11-14T20:52:21" hostname="vex" time="0.029">
  <properties/>
  <testcase name="givenUsingLowLevelApi_whenParsingJsonStringIntoJsonNode_thenCorrect()" classname="BinanceTest" time="0.029"/>
  <system-out><![CDATA[Coordinated Universal Time
]]></system-out>
  <system-err><![CDATA[]]></system-err>
</testsuite>
